<?xml version="1.0" encoding="UTF-8"?>
<coverage generated="1522788753659" clover="3.2.0">
  <project timestamp="1522788753659" name="All files">
    <metrics statements="29" coveredstatements="29" conditionals="15" coveredconditionals="14" methods="11" coveredmethods="11" elements="55" coveredelements="54" complexity="0" loc="29" ncloc="29" packages="1" files="4" classes="4">
      <file name="data.js" path="D:\Projects\keywords-match\keywords-match\data.js">
        <metrics statements="1" coveredstatements="1" conditionals="0" coveredconditionals="0" methods="0" coveredmethods="0"/>
        <line num="1" count="1" type="stmt"/>
      </file>
      <file name="filter.js" path="D:\Projects\keywords-match\keywords-match\filter.js">
        <metrics statements="7" coveredstatements="7" conditionals="10" coveredconditionals="10" methods="3" coveredmethods="3"/>
        <line num="1" count="1" type="stmt"/>
        <line num="3" count="376" type="stmt"/>
        <line num="5" count="376" type="stmt"/>
        <line num="6" count="376" type="cond" truecount="4" falsecount="0"/>
        <line num="7" count="373" type="cond" truecount="4" falsecount="0"/>
        <line num="9" count="370" type="cond" truecount="2" falsecount="0"/>
        <line num="13" count="1" type="stmt"/>
      </file>
      <file name="index.js" path="D:\Projects\keywords-match\keywords-match\index.js">
        <metrics statements="17" coveredstatements="17" conditionals="5" coveredconditionals="4" methods="8" coveredmethods="8"/>
        <line num="1" count="1" type="stmt"/>
        <line num="2" count="1" type="stmt"/>
        <line num="4" count="9" type="stmt"/>
        <line num="6" count="1" type="cond" truecount="1" falsecount="0"/>
        <line num="7" count="4" type="stmt"/>
        <line num="8" count="5" type="stmt"/>
        <line num="9" count="4" type="stmt"/>
        <line num="11" count="4" type="stmt"/>
        <line num="12" count="112" type="stmt"/>
        <line num="14" count="109" type="stmt"/>
        <line num="15" count="109" type="stmt"/>
        <line num="16" count="365" type="stmt"/>
        <line num="17" count="368" type="cond" truecount="1" falsecount="1"/>
        <line num="18" count="368" type="stmt"/>
        <line num="19" count="368" type="cond" truecount="2" falsecount="0"/>
        <line num="23" count="110" type="stmt"/>
        <line num="27" count="1" type="stmt"/>
      </file>
      <file name="status.js" path="D:\Projects\keywords-match\keywords-match\status.js">
        <metrics statements="4" coveredstatements="4" conditionals="0" coveredconditionals="0" methods="0" coveredmethods="0"/>
        <line num="1" count="2" type="stmt"/>
        <line num="2" count="2" type="stmt"/>
        <line num="3" count="2" type="stmt"/>
        <line num="5" count="2" type="stmt"/>
      </file>
    </metrics>
  </project>
</coverage>
