<?xml version="1.0" encoding="UTF-8"?>
<coverage generated="1522785112186" clover="3.2.0">
  <project timestamp="1522785112186" name="All files">
    <metrics statements="28" coveredstatements="28" conditionals="15" coveredconditionals="14" methods="11" coveredmethods="11" elements="54" coveredelements="53" complexity="0" loc="28" ncloc="28" packages="1" files="3" classes="3">
      <file name="filter.js" path="D:\Projects\keywords-match\keywords-match\filter.js">
        <metrics statements="7" coveredstatements="7" conditionals="10" coveredconditionals="10" methods="3" coveredmethods="3"/>
        <line num="1" count="1" type="stmt"/>
        <line num="3" count="20" type="stmt"/>
        <line num="5" count="20" type="stmt"/>
        <line num="6" count="20" type="cond" truecount="4" falsecount="0"/>
        <line num="7" count="17" type="cond" truecount="4" falsecount="0"/>
        <line num="9" count="14" type="cond" truecount="2" falsecount="0"/>
        <line num="13" count="1" type="stmt"/>
      </file>
      <file name="index.js" path="D:\Projects\keywords-match\keywords-match\index.js">
        <metrics statements="17" coveredstatements="17" conditionals="5" coveredconditionals="4" methods="8" coveredmethods="8"/>
        <line num="1" count="1" type="stmt"/>
        <line num="2" count="1" type="stmt"/>
        <line num="4" count="9" type="stmt"/>
        <line num="6" count="1" type="cond" truecount="1" falsecount="0"/>
        <line num="7" count="3" type="stmt"/>
        <line num="8" count="4" type="stmt"/>
        <line num="9" count="3" type="stmt"/>
        <line num="11" count="3" type="stmt"/>
        <line num="12" count="12" type="stmt"/>
        <line num="14" count="9" type="stmt"/>
        <line num="15" count="9" type="stmt"/>
        <line num="16" count="9" type="stmt"/>
        <line num="17" count="12" type="cond" truecount="1" falsecount="1"/>
        <line num="18" count="12" type="stmt"/>
        <line num="19" count="12" type="cond" truecount="2" falsecount="0"/>
        <line num="23" count="10" type="stmt"/>
        <line num="27" count="1" type="stmt"/>
      </file>
      <file name="status.js" path="D:\Projects\keywords-match\keywords-match\status.js">
        <metrics statements="4" coveredstatements="4" conditionals="0" coveredconditionals="0" methods="0" coveredmethods="0"/>
        <line num="1" count="2" type="stmt"/>
        <line num="2" count="2" type="stmt"/>
        <line num="3" count="2" type="stmt"/>
        <line num="5" count="2" type="stmt"/>
      </file>
    </metrics>
  </project>
</coverage>
