{"D:\\Projects\\keywords-match\\keywords-match\\data.js": {"path":"D:\\Projects\\keywords-match\\keywords-match\\data.js","statementMap":{"0":{"start":{"line":1,"column":0},"end":{"line":201,"column":3}}},"fnMap":{},"branchMap":{},"s":{"0":1},"f":{},"b":{},"_coverageSchema":"332fd63041d2c1bcb487cc26dd0d5f7d97098a6c","hash":"e83630912ec10cc1274ef979a494a3a5e3643d76"}
,"D:\\Projects\\keywords-match\\keywords-match\\filter.js": {"path":"D:\\Projects\\keywords-match\\keywords-match\\filter.js","statementMap":{"0":{"start":{"line":1,"column":32},"end":{"line":1,"column":51}},"1":{"start":{"line":3,"column":15},"end":{"line":11,"column":2}},"2":{"start":{"line":3,"column":30},"end":{"line":11,"column":1}},"3":{"start":{"line":5,"column":16},"end":{"line":5,"column":37}},"4":{"start":{"line":6,"column":4},"end":{"line":6,"column":102}},"5":{"start":{"line":6,"column":24},"end":{"line":6,"column":102}},"6":{"start":{"line":6,"column":47},"end":{"line":6,"column":82}},"7":{"start":{"line":7,"column":4},"end":{"line":7,"column":116}},"8":{"start":{"line":7,"column":36},"end":{"line":7,"column":116}},"9":{"start":{"line":9,"column":4},"end":{"line":9,"column":58}},"10":{"start":{"line":13,"column":0},"end":{"line":13,"column":24}}},"fnMap":{"0":{"name":"(anonymous_0)","decl":{"start":{"line":3,"column":15},"end":{"line":3,"column":16}},"loc":{"start":{"line":3,"column":30},"end":{"line":11,"column":1}},"line":3},"1":{"name":"(anonymous_1)","decl":{"start":{"line":4,"column":11},"end":{"line":4,"column":12}},"loc":{"start":{"line":4,"column":23},"end":{"line":10,"column":3}},"line":4},"2":{"name":"(anonymous_2)","decl":{"start":{"line":6,"column":41},"end":{"line":6,"column":42}},"loc":{"start":{"line":6,"column":47},"end":{"line":6,"column":82}},"line":6}},"branchMap":{"0":{"loc":{"start":{"line":6,"column":4},"end":{"line":6,"column":102}},"type":"if","locations":[{"start":{"line":6,"column":4},"end":{"line":6,"column":102}},{"start":{"line":6,"column":4},"end":{"line":6,"column":102}}],"line":6},"1":{"loc":{"start":{"line":6,"column":32},"end":{"line":6,"column":100}},"type":"cond-expr","locations":[{"start":{"line":6,"column":86},"end":{"line":6,"column":90}},{"start":{"line":6,"column":93},"end":{"line":6,"column":100}}],"line":6},"2":{"loc":{"start":{"line":7,"column":4},"end":{"line":7,"column":116}},"type":"if","locations":[{"start":{"line":7,"column":4},"end":{"line":7,"column":116}},{"start":{"line":7,"column":4},"end":{"line":7,"column":116}}],"line":7},"3":{"loc":{"start":{"line":7,"column":44},"end":{"line":7,"column":114}},"type":"cond-expr","locations":[{"start":{"line":7,"column":103},"end":{"line":7,"column":107}},{"start":{"line":7,"column":110},"end":{"line":7,"column":114}}],"line":7},"4":{"loc":{"start":{"line":9,"column":12},"end":{"line":9,"column":56}},"type":"cond-expr","locations":[{"start":{"line":9,"column":42},"end":{"line":9,"column":46}},{"start":{"line":9,"column":49},"end":{"line":9,"column":56}}],"line":9}},"s":{"0":1,"1":1,"2":376,"3":376,"4":376,"5":3,"6":5,"7":373,"8":3,"9":370,"10":1},"f":{"0":376,"1":376,"2":5},"b":{"0":[3,373],"1":[2,1],"2":[3,370],"3":[1,2],"4":[15,355]},"_coverageSchema":"332fd63041d2c1bcb487cc26dd0d5f7d97098a6c","hash":"8e985f610578d2032eabdb93871cda8afb352044"}
,"D:\\Projects\\keywords-match\\keywords-match\\index.js": {"path":"D:\\Projects\\keywords-match\\keywords-match\\index.js","statementMap":{"0":{"start":{"line":1,"column":32},"end":{"line":1,"column":51}},"1":{"start":{"line":2,"column":15},"end":{"line":2,"column":34}},"2":{"start":{"line":4,"column":19},"end":{"line":4,"column":25}},"3":{"start":{"line":4,"column":24},"end":{"line":4,"column":25}},"4":{"start":{"line":6,"column":23},"end":{"line":25,"column":1}},"5":{"start":{"line":7,"column":18},"end":{"line":7,"column":41}},"6":{"start":{"line":8,"column":23},"end":{"line":8,"column":82}},"7":{"start":{"line":8,"column":50},"end":{"line":8,"column":65}},"8":{"start":{"line":8,"column":66},"end":{"line":8,"column":75}},"9":{"start":{"line":9,"column":27},"end":{"line":9,"column":52}},"10":{"start":{"line":11,"column":2},"end":{"line":24,"column":5}},"11":{"start":{"line":12,"column":4},"end":{"line":12,"column":72}},"12":{"start":{"line":12,"column":40},"end":{"line":12,"column":68}},"13":{"start":{"line":14,"column":20},"end":{"line":14,"column":48}},"14":{"start":{"line":15,"column":4},"end":{"line":20,"column":10}},"15":{"start":{"line":16,"column":6},"end":{"line":20,"column":8}},"16":{"start":{"line":17,"column":8},"end":{"line":17,"column":47}},"17":{"start":{"line":17,"column":40},"end":{"line":17,"column":47}},"18":{"start":{"line":18,"column":21},"end":{"line":18,"column":48}},"19":{"start":{"line":19,"column":8},"end":{"line":19,"column":55}},"20":{"start":{"line":19,"column":30},"end":{"line":19,"column":55}},"21":{"start":{"line":23,"column":4},"end":{"line":23,"column":69}},"22":{"start":{"line":23,"column":41},"end":{"line":23,"column":67}},"23":{"start":{"line":27,"column":0},"end":{"line":27,"column":32}}},"fnMap":{"0":{"name":"(anonymous_0)","decl":{"start":{"line":4,"column":19},"end":{"line":4,"column":20}},"loc":{"start":{"line":4,"column":24},"end":{"line":4,"column":25}},"line":4},"1":{"name":"(anonymous_1)","decl":{"start":{"line":6,"column":23},"end":{"line":6,"column":24}},"loc":{"start":{"line":6,"column":76},"end":{"line":25,"column":1}},"line":6},"2":{"name":"(anonymous_2)","decl":{"start":{"line":8,"column":38},"end":{"line":8,"column":39}},"loc":{"start":{"line":8,"column":48},"end":{"line":8,"column":77}},"line":8},"3":{"name":"(anonymous_3)","decl":{"start":{"line":11,"column":27},"end":{"line":11,"column":28}},"loc":{"start":{"line":11,"column":40},"end":{"line":24,"column":3}},"line":11},"4":{"name":"(anonymous_4)","decl":{"start":{"line":12,"column":29},"end":{"line":12,"column":30}},"loc":{"start":{"line":12,"column":38},"end":{"line":12,"column":70}},"line":12},"5":{"name":"(anonymous_5)","decl":{"start":{"line":15,"column":20},"end":{"line":15,"column":21}},"loc":{"start":{"line":16,"column":6},"end":{"line":20,"column":8}},"line":16},"6":{"name":"(anonymous_6)","decl":{"start":{"line":16,"column":31},"end":{"line":16,"column":32}},"loc":{"start":{"line":16,"column":40},"end":{"line":20,"column":7}},"line":16},"7":{"name":"(anonymous_7)","decl":{"start":{"line":23,"column":34},"end":{"line":23,"column":35}},"loc":{"start":{"line":23,"column":41},"end":{"line":23,"column":67}},"line":23}},"branchMap":{"0":{"loc":{"start":{"line":6,"column":50},"end":{"line":6,"column":71}},"type":"default-arg","locations":[{"start":{"line":6,"column":61},"end":{"line":6,"column":71}}],"line":6},"1":{"loc":{"start":{"line":17,"column":8},"end":{"line":17,"column":47}},"type":"if","locations":[{"start":{"line":17,"column":8},"end":{"line":17,"column":47}},{"start":{"line":17,"column":8},"end":{"line":17,"column":47}}],"line":17},"2":{"loc":{"start":{"line":19,"column":8},"end":{"line":19,"column":55}},"type":"if","locations":[{"start":{"line":19,"column":8},"end":{"line":19,"column":55}},{"start":{"line":19,"column":8},"end":{"line":19,"column":55}}],"line":19}},"s":{"0":1,"1":1,"2":1,"3":9,"4":1,"5":4,"6":4,"7":5,"8":5,"9":4,"10":4,"11":109,"12":112,"13":109,"14":109,"15":365,"16":368,"17":0,"18":368,"19":368,"20":17,"21":109,"22":110,"23":1},"f":{"0":9,"1":4,"2":5,"3":109,"4":112,"5":365,"6":368,"7":110},"b":{"0":[3],"1":[0,368],"2":[17,351]},"_coverageSchema":"332fd63041d2c1bcb487cc26dd0d5f7d97098a6c","hash":"1771b378cbeacbe8fe33e39bc56d54bf3c955ebf"}
,"D:\\Projects\\keywords-match\\keywords-match\\status.js": {"path":"D:\\Projects\\keywords-match\\keywords-match\\status.js","statementMap":{"0":{"start":{"line":1,"column":13},"end":{"line":1,"column":14}},"1":{"start":{"line":2,"column":16},"end":{"line":2,"column":17}},"2":{"start":{"line":3,"column":13},"end":{"line":3,"column":15}},"3":{"start":{"line":5,"column":0},"end":{"line":5,"column":41}}},"fnMap":{},"branchMap":{},"s":{"0":2,"1":2,"2":2,"3":2},"f":{},"b":{},"_coverageSchema":"332fd63041d2c1bcb487cc26dd0d5f7d97098a6c","hash":"49c055eae50073331a2b3c5d1a0bea1c17f14126"}
}
