TN:
SF:D:\Projects\keywords-match\keywords-match\data.js
FNF:0
FNH:0
DA:1,1
LF:1
LH:1
BRF:0
BRH:0
end_of_record
TN:
SF:D:\Projects\keywords-match\keywords-match\filter.js
FN:3,(anonymous_0)
FN:4,(anonymous_1)
FN:6,(anonymous_2)
FNF:3
FNH:3
FNDA:376,(anonymous_0)
FNDA:376,(anonymous_1)
FNDA:5,(anonymous_2)
DA:1,1
DA:3,376
DA:5,376
DA:6,376
DA:7,373
DA:9,370
DA:13,1
LF:7
LH:7
BRDA:6,0,0,3
BRDA:6,0,1,373
BRDA:6,1,0,2
BRDA:6,1,1,1
BRDA:7,2,0,3
BRDA:7,2,1,370
BRDA:7,3,0,1
BRDA:7,3,1,2
BRDA:9,4,0,15
BRDA:9,4,1,355
BRF:10
BRH:10
end_of_record
TN:
SF:D:\Projects\keywords-match\keywords-match\index.js
FN:4,(anonymous_0)
FN:6,(anonymous_1)
FN:8,(anonymous_2)
FN:11,(anonymous_3)
FN:12,(anonymous_4)
FN:15,(anonymous_5)
FN:16,(anonymous_6)
FN:23,(anonymous_7)
FNF:8
FNH:8
FNDA:9,(anonymous_0)
FNDA:4,(anonymous_1)
FNDA:5,(anonymous_2)
FNDA:109,(anonymous_3)
FNDA:112,(anonymous_4)
FNDA:365,(anonymous_5)
FNDA:368,(anonymous_6)
FNDA:110,(anonymous_7)
DA:1,1
DA:2,1
DA:4,9
DA:6,1
DA:7,4
DA:8,5
DA:9,4
DA:11,4
DA:12,112
DA:14,109
DA:15,109
DA:16,365
DA:17,368
DA:18,368
DA:19,368
DA:23,110
DA:27,1
LF:17
LH:17
BRDA:6,0,0,3
BRDA:17,1,0,0
BRDA:17,1,1,368
BRDA:19,2,0,17
BRDA:19,2,1,351
BRF:5
BRH:4
end_of_record
TN:
SF:D:\Projects\keywords-match\keywords-match\status.js
FNF:0
FNH:0
DA:1,2
DA:2,2
DA:3,2
DA:5,2
LF:4
LH:4
BRF:0
BRH:0
end_of_record
