TN:
SF:D:\Projects\keywords-match\keywords-match\filter.js
FN:3,(anonymous_0)
FN:4,(anonymous_1)
FN:6,(anonymous_2)
FNF:3
FNH:3
FNDA:20,(anonymous_0)
FNDA:20,(anonymous_1)
FNDA:5,(anonymous_2)
DA:1,1
DA:3,20
DA:5,20
DA:6,20
DA:7,17
DA:9,14
DA:13,1
LF:7
LH:7
BRDA:6,0,0,3
BRDA:6,0,1,17
BRDA:6,1,0,2
BRDA:6,1,1,1
BRDA:7,2,0,3
BRDA:7,2,1,14
BRDA:7,3,0,1
BRDA:7,3,1,2
BRDA:9,4,0,5
BRDA:9,4,1,9
BRF:10
BRH:10
end_of_record
TN:
SF:D:\Projects\keywords-match\keywords-match\index.js
FN:4,(anonymous_0)
FN:6,(anonymous_1)
FN:8,(anonymous_2)
FN:11,(anonymous_3)
FN:12,(anonymous_4)
FN:15,(anonymous_5)
FN:16,(anonymous_6)
FN:23,(anonymous_7)
FNF:8
FNH:8
FNDA:9,(anonymous_0)
FNDA:3,(anonymous_1)
FNDA:4,(anonymous_2)
FNDA:9,(anonymous_3)
FNDA:12,(anonymous_4)
FNDA:9,(anonymous_5)
FNDA:12,(anonymous_6)
FNDA:10,(anonymous_7)
DA:1,1
DA:2,1
DA:4,9
DA:6,1
DA:7,3
DA:8,4
DA:9,3
DA:11,3
DA:12,12
DA:14,9
DA:15,9
DA:16,9
DA:17,12
DA:18,12
DA:19,12
DA:23,10
DA:27,1
LF:17
LH:17
BRDA:6,0,0,3
BRDA:17,1,0,0
BRDA:17,1,1,12
BRDA:19,2,0,7
BRDA:19,2,1,5
BRF:5
BRH:4
end_of_record
TN:
SF:D:\Projects\keywords-match\keywords-match\status.js
FNF:0
FNH:0
DA:1,2
DA:2,2
DA:3,2
DA:5,2
LF:4
LH:4
BRF:0
BRH:0
end_of_record
